2022-08-16 11:47:45,060 - [WARNING] - converter.server - (server.py).chekingCreationTxt(80) - Появился новый файл! Удаление старого дерева и создание нового дерева данных
2022-08-16 11:59:12,822 - [WARNING] - converter.server - (server.py).chekingCreationTxt(80) - Появился новый файл! Удаление старого дерева и создание нового дерева данных
2022-08-19 11:00:00,320 - [WARNING] - converter.server - (server.py).chekingCreationTxt(91) - Опа, час прошели, пошел на глобальный перезапуск!
2022-08-19 11:00:00,322 - [WARNING] - converter.server - (server.py).restart(70) - Остановка сервера
2022-08-19 11:01:00,334 - [WARNING] - converter.server - (server.py).restart(73) - Запуск сервера
2022-08-19 11:06:42,563 - [WARNING] - converter.server - (server.py).chekingCreationTxt(80) - Появился новый файл! Удаление старого дерева и создание нового дерева данных
2022-08-19 11:07:08,800 - [WARNING] - converter.server - (server.py).chekingCreationTxt(80) - Появился новый файл! Удаление старого дерева и создание нового дерева данных
2022-08-19 11:07:23,515 - [WARNING] - converter.server - (server.py).chekingCreationTxt(80) - Появился новый файл! Удаление старого дерева и создание нового дерева данных
2022-08-19 11:07:37,961 - [WARNING] - converter.server - (server.py).chekingCreationTxt(80) - Появился новый файл! Удаление старого дерева и создание нового дерева данных
2022-08-19 11:07:53,532 - [WARNING] - converter.server - (server.py).chekingCreationTxt(80) - Появился новый файл! Удаление старого дерева и создание нового дерева данных
2022-08-19 11:08:10,019 - [WARNING] - converter.server - (server.py).chekingCreationTxt(80) - Появился новый файл! Удаление старого дерева и создание нового дерева данных
2022-08-19 11:08:25,994 - [WARNING] - converter.server - (server.py).chekingCreationTxt(80) - Появился новый файл! Удаление старого дерева и создание нового дерева данных
2022-08-19 11:08:42,445 - [WARNING] - converter.server - (server.py).chekingCreationTxt(80) - Появился новый файл! Удаление старого дерева и создание нового дерева данных
2022-08-19 11:08:53,119 - [WARNING] - converter.server - (server.py).chekingCreationTxt(80) - Появился новый файл! Удаление старого дерева и создание нового дерева данных
2022-08-19 11:09:09,389 - [WARNING] - converter.server - (server.py).chekingCreationTxt(80) - Появился новый файл! Удаление старого дерева и создание нового дерева данных
2022-08-19 11:09:24,814 - [WARNING] - converter.server - (server.py).chekingCreationTxt(80) - Появился новый файл! Удаление старого дерева и создание нового дерева данных
2022-08-19 11:09:39,943 - [WARNING] - converter.server - (server.py).chekingCreationTxt(80) - Появился новый файл! Удаление старого дерева и создание нового дерева данных
2022-08-19 11:09:55,631 - [WARNING] - converter.server - (server.py).chekingCreationTxt(80) - Появился новый файл! Удаление старого дерева и создание нового дерева данных
2022-08-19 11:10:11,881 - [WARNING] - converter.server - (server.py).chekingCreationTxt(80) - Появился новый файл! Удаление старого дерева и создание нового дерева данных
2022-08-19 11:10:27,049 - [WARNING] - converter.server - (server.py).chekingCreationTxt(80) - Появился новый файл! Удаление старого дерева и создание нового дерева данных
2022-08-19 11:10:41,434 - [WARNING] - converter.server - (server.py).chekingCreationTxt(80) - Появился новый файл! Удаление старого дерева и создание нового дерева данных
2022-08-19 11:10:57,072 - [WARNING] - converter.server - (server.py).chekingCreationTxt(80) - Появился новый файл! Удаление старого дерева и создание нового дерева данных
2022-08-19 11:11:08,334 - [WARNING] - converter.server - (server.py).chekingCreationTxt(80) - Появился новый файл! Удаление старого дерева и создание нового дерева данных
2022-08-19 11:11:23,570 - [WARNING] - converter.server - (server.py).chekingCreationTxt(80) - Появился новый файл! Удаление старого дерева и создание нового дерева данных
2022-08-19 11:11:38,150 - [WARNING] - converter.server - (server.py).chekingCreationTxt(80) - Появился новый файл! Удаление старого дерева и создание нового дерева данных
2022-08-19 11:11:53,774 - [WARNING] - converter.server - (server.py).chekingCreationTxt(80) - Появился новый файл! Удаление старого дерева и создание нового дерева данных
2022-08-19 11:12:10,073 - [WARNING] - converter.server - (server.py).chekingCreationTxt(80) - Появился новый файл! Удаление старого дерева и создание нового дерева данных
2022-08-19 11:12:25,395 - [WARNING] - converter.server - (server.py).chekingCreationTxt(80) - Появился новый файл! Удаление старого дерева и создание нового дерева данных
2022-08-19 11:12:39,895 - [WARNING] - converter.server - (server.py).chekingCreationTxt(80) - Появился новый файл! Удаление старого дерева и создание нового дерева данных
2022-08-19 11:12:55,529 - [WARNING] - converter.server - (server.py).chekingCreationTxt(80) - Появился новый файл! Удаление старого дерева и создание нового дерева данных
2022-08-19 11:13:11,995 - [WARNING] - converter.server - (server.py).chekingCreationTxt(80) - Появился новый файл! Удаление старого дерева и создание нового дерева данных
2022-08-19 11:13:27,983 - [WARNING] - converter.server - (server.py).chekingCreationTxt(80) - Появился новый файл! Удаление старого дерева и создание нового дерева данных
2022-08-19 11:13:42,766 - [WARNING] - converter.server - (server.py).chekingCreationTxt(80) - Появился новый файл! Удаление старого дерева и создание нового дерева данных
2022-08-19 11:13:53,401 - [WARNING] - converter.server - (server.py).chekingCreationTxt(80) - Появился новый файл! Удаление старого дерева и создание нового дерева данных
2022-08-19 11:14:09,749 - [WARNING] - converter.server - (server.py).chekingCreationTxt(80) - Появился новый файл! Удаление старого дерева и создание нового дерева данных
2022-08-19 11:14:25,354 - [WARNING] - converter.server - (server.py).chekingCreationTxt(80) - Появился новый файл! Удаление старого дерева и создание нового дерева данных
2022-08-19 11:14:40,948 - [WARNING] - converter.server - (server.py).chekingCreationTxt(80) - Появился новый файл! Удаление старого дерева и создание нового дерева данных
2022-08-19 11:14:56,632 - [WARNING] - converter.server - (server.py).chekingCreationTxt(80) - Появился новый файл! Удаление старого дерева и создание нового дерева данных
2022-08-19 11:15:08,056 - [WARNING] - converter.server - (server.py).chekingCreationTxt(80) - Появился новый файл! Удаление старого дерева и создание нового дерева данных
2022-08-19 11:15:24,512 - [WARNING] - converter.server - (server.py).chekingCreationTxt(80) - Появился новый файл! Удаление старого дерева и создание нового дерева данных
2022-08-19 11:15:39,985 - [WARNING] - converter.server - (server.py).chekingCreationTxt(80) - Появился новый файл! Удаление старого дерева и создание нового дерева данных
2022-08-19 11:15:55,666 - [WARNING] - converter.server - (server.py).chekingCreationTxt(80) - Появился новый файл! Удаление старого дерева и создание нового дерева данных
2022-08-19 11:16:11,986 - [WARNING] - converter.server - (server.py).chekingCreationTxt(80) - Появился новый файл! Удаление старого дерева и создание нового дерева данных
2022-08-19 11:16:27,641 - [WARNING] - converter.server - (server.py).chekingCreationTxt(80) - Появился новый файл! Удаление старого дерева и создание нового дерева данных
2022-08-19 11:16:42,022 - [WARNING] - converter.server - (server.py).chekingCreationTxt(80) - Появился новый файл! Удаление старого дерева и создание нового дерева данных
2022-08-19 11:16:52,646 - [WARNING] - converter.server - (server.py).chekingCreationTxt(80) - Появился новый файл! Удаление старого дерева и создание нового дерева данных
2022-08-19 11:17:09,014 - [WARNING] - converter.server - (server.py).chekingCreationTxt(80) - Появился новый файл! Удаление старого дерева и создание нового дерева данных
2022-08-19 11:17:24,519 - [WARNING] - converter.server - (server.py).chekingCreationTxt(80) - Появился новый файл! Удаление старого дерева и создание нового дерева данных
2022-08-19 11:17:39,234 - [WARNING] - converter.server - (server.py).chekingCreationTxt(80) - Появился новый файл! Удаление старого дерева и создание нового дерева данных
2022-08-19 11:17:54,895 - [WARNING] - converter.server - (server.py).chekingCreationTxt(80) - Появился новый файл! Удаление старого дерева и создание нового дерева данных
2022-08-19 11:18:11,238 - [WARNING] - converter.server - (server.py).chekingCreationTxt(80) - Появился новый файл! Удаление старого дерева и создание нового дерева данных
2022-08-19 11:18:27,035 - [WARNING] - converter.server - (server.py).chekingCreationTxt(80) - Появился новый файл! Удаление старого дерева и создание нового дерева данных
2022-08-19 11:18:41,985 - [WARNING] - converter.server - (server.py).chekingCreationTxt(80) - Появился новый файл! Удаление старого дерева и создание нового дерева данных
2022-08-19 11:18:52,644 - [WARNING] - converter.server - (server.py).chekingCreationTxt(80) - Появился новый файл! Удаление старого дерева и создание нового дерева данных
2022-08-19 11:19:08,921 - [WARNING] - converter.server - (server.py).chekingCreationTxt(80) - Появился новый файл! Удаление старого дерева и создание нового дерева данных
2022-08-19 11:19:24,531 - [WARNING] - converter.server - (server.py).chekingCreationTxt(80) - Появился новый файл! Удаление старого дерева и создание нового дерева данных
2022-08-19 11:19:39,536 - [WARNING] - converter.server - (server.py).chekingCreationTxt(80) - Появился новый файл! Удаление старого дерева и создание нового дерева данных
2022-08-19 11:19:55,178 - [WARNING] - converter.server - (server.py).chekingCreationTxt(80) - Появился новый файл! Удаление старого дерева и создание нового дерева данных
2022-08-19 11:20:11,599 - [WARNING] - converter.server - (server.py).chekingCreationTxt(80) - Появился новый файл! Удаление старого дерева и создание нового дерева данных
2022-08-19 11:20:27,632 - [WARNING] - converter.server - (server.py).chekingCreationTxt(80) - Появился новый файл! Удаление старого дерева и создание нового дерева данных
2022-08-19 11:20:42,817 - [WARNING] - converter.server - (server.py).chekingCreationTxt(80) - Появился новый файл! Удаление старого дерева и создание нового дерева данных
2022-08-19 11:20:53,522 - [WARNING] - converter.server - (server.py).chekingCreationTxt(80) - Появился новый файл! Удаление старого дерева и создание нового дерева данных
2022-08-19 11:21:10,009 - [WARNING] - converter.server - (server.py).chekingCreationTxt(80) - Появился новый файл! Удаление старого дерева и создание нового дерева данных
2022-08-19 11:21:26,401 - [WARNING] - converter.server - (server.py).chekingCreationTxt(80) - Появился новый файл! Удаление старого дерева и создание нового дерева данных
2022-08-19 11:21:41,527 - [WARNING] - converter.server - (server.py).chekingCreationTxt(80) - Появился новый файл! Удаление старого дерева и создание нового дерева данных
2022-08-19 11:21:57,213 - [WARNING] - converter.server - (server.py).chekingCreationTxt(80) - Появился новый файл! Удаление старого дерева и создание нового дерева данных
2022-08-19 11:22:08,594 - [WARNING] - converter.server - (server.py).chekingCreationTxt(80) - Появился новый файл! Удаление старого дерева и создание нового дерева данных
2022-08-19 11:22:24,651 - [WARNING] - converter.server - (server.py).chekingCreationTxt(80) - Появился новый файл! Удаление старого дерева и создание нового дерева данных
2022-08-19 11:22:39,778 - [WARNING] - converter.server - (server.py).chekingCreationTxt(80) - Появился новый файл! Удаление старого дерева и создание нового дерева данных
2022-08-19 11:22:55,477 - [WARNING] - converter.server - (server.py).chekingCreationTxt(80) - Появился новый файл! Удаление старого дерева и создание нового дерева данных
2022-08-19 11:23:12,009 - [WARNING] - converter.server - (server.py).chekingCreationTxt(80) - Появился новый файл! Удаление старого дерева и создание нового дерева данных
2022-08-19 11:23:27,367 - [WARNING] - converter.server - (server.py).chekingCreationTxt(80) - Появился новый файл! Удаление старого дерева и создание нового дерева данных
2022-08-19 11:23:42,031 - [WARNING] - converter.server - (server.py).chekingCreationTxt(80) - Появился новый файл! Удаление старого дерева и создание нового дерева данных
2022-08-19 11:23:57,635 - [WARNING] - converter.server - (server.py).chekingCreationTxt(80) - Появился новый файл! Удаление старого дерева и создание нового дерева данных
2022-08-19 11:24:08,938 - [WARNING] - converter.server - (server.py).chekingCreationTxt(80) - Появился новый файл! Удаление старого дерева и создание нового дерева данных
2022-08-19 11:24:24,328 - [WARNING] - converter.server - (server.py).chekingCreationTxt(80) - Появился новый файл! Удаление старого дерева и создание нового дерева данных
2022-08-19 11:24:38,630 - [WARNING] - converter.server - (server.py).chekingCreationTxt(80) - Появился новый файл! Удаление старого дерева и создание нового дерева данных
2022-08-19 11:24:54,286 - [WARNING] - converter.server - (server.py).chekingCreationTxt(80) - Появился новый файл! Удаление старого дерева и создание нового дерева данных
2022-08-19 11:25:10,544 - [WARNING] - converter.server - (server.py).chekingCreationTxt(80) - Появился новый файл! Удаление старого дерева и создание нового дерева данных
2022-08-19 11:25:25,296 - [WARNING] - converter.server - (server.py).chekingCreationTxt(80) - Появился новый файл! Удаление старого дерева и создание нового дерева данных
2022-08-19 11:25:39,925 - [WARNING] - converter.server - (server.py).chekingCreationTxt(80) - Появился новый файл! Удаление старого дерева и создание нового дерева данных
2022-08-19 11:25:55,560 - [WARNING] - converter.server - (server.py).chekingCreationTxt(80) - Появился новый файл! Удаление старого дерева и создание нового дерева данных
2022-08-19 11:26:11,998 - [WARNING] - converter.server - (server.py).chekingCreationTxt(80) - Появился новый файл! Удаление старого дерева и создание нового дерева данных
2022-08-19 11:26:26,360 - [WARNING] - converter.server - (server.py).chekingCreationTxt(80) - Появился новый файл! Удаление старого дерева и создание нового дерева данных
2022-08-19 11:26:40,735 - [WARNING] - converter.server - (server.py).chekingCreationTxt(80) - Появился новый файл! Удаление старого дерева и создание нового дерева данных
2022-08-19 11:26:56,455 - [WARNING] - converter.server - (server.py).chekingCreationTxt(80) - Появился новый файл! Удаление старого дерева и создание нового дерева данных
2022-08-19 11:27:08,557 - [WARNING] - converter.server - (server.py).chekingCreationTxt(80) - Появился новый файл! Удаление старого дерева и создание нового дерева данных
2022-08-19 11:27:26,170 - [WARNING] - converter.server - (server.py).chekingCreationTxt(80) - Появился новый файл! Удаление старого дерева и создание нового дерева данных
2022-08-19 11:27:42,537 - [WARNING] - converter.server - (server.py).chekingCreationTxt(80) - Появился новый файл! Удаление старого дерева и создание нового дерева данных
2022-08-19 11:27:54,814 - [WARNING] - converter.server - (server.py).chekingCreationTxt(80) - Появился новый файл! Удаление старого дерева и создание нового дерева данных
2022-08-19 11:28:08,296 - [WARNING] - converter.server - (server.py).chekingCreationTxt(80) - Появился новый файл! Удаление старого дерева и создание нового дерева данных
2022-08-19 11:28:27,065 - [WARNING] - converter.server - (server.py).chekingCreationTxt(80) - Появился новый файл! Удаление старого дерева и создание нового дерева данных
2022-08-19 11:28:38,522 - [WARNING] - converter.server - (server.py).chekingCreationTxt(80) - Появился новый файл! Удаление старого дерева и создание нового дерева данных
2022-08-19 11:28:56,362 - [WARNING] - converter.server - (server.py).chekingCreationTxt(80) - Появился новый файл! Удаление старого дерева и создание нового дерева данных
2022-08-19 11:29:12,514 - [WARNING] - converter.server - (server.py).chekingCreationTxt(80) - Появился новый файл! Удаление старого дерева и создание нового дерева данных
2022-08-19 11:29:25,986 - [WARNING] - converter.server - (server.py).chekingCreationTxt(80) - Появился новый файл! Удаление старого дерева и создание нового дерева данных
2022-08-19 11:29:38,421 - [WARNING] - converter.server - (server.py).chekingCreationTxt(80) - Появился новый файл! Удаление старого дерева и создание нового дерева данных
2022-08-19 11:29:54,009 - [WARNING] - converter.server - (server.py).chekingCreationTxt(80) - Появился новый файл! Удаление старого дерева и создание нового дерева данных
2022-08-19 11:30:10,215 - [WARNING] - converter.server - (server.py).chekingCreationTxt(80) - Появился новый файл! Удаление старого дерева и создание нового дерева данных
2022-08-19 11:30:24,104 - [WARNING] - converter.server - (server.py).chekingCreationTxt(80) - Появился новый файл! Удаление старого дерева и создание нового дерева данных
2022-08-19 11:30:42,872 - [WARNING] - converter.server - (server.py).chekingCreationTxt(80) - Появился новый файл! Удаление старого дерева и создание нового дерева данных
2022-08-19 11:31:00,583 - [WARNING] - converter.server - (server.py).chekingCreationTxt(80) - Появился новый файл! Удаление старого дерева и создание нового дерева данных
2022-08-19 11:31:18,395 - [WARNING] - converter.server - (server.py).chekingCreationTxt(80) - Появился новый файл! Удаление старого дерева и создание нового дерева данных
2022-08-19 11:31:24,074 - [WARNING] - converter.server - (server.py).chekingCreationTxt(80) - Появился новый файл! Удаление старого дерева и создание нового дерева данных
2022-08-19 11:31:40,375 - [WARNING] - converter.server - (server.py).chekingCreationTxt(80) - Появился новый файл! Удаление старого дерева и создание нового дерева данных
2022-08-19 11:31:54,694 - [WARNING] - converter.server - (server.py).chekingCreationTxt(80) - Появился новый файл! Удаление старого дерева и создание нового дерева данных
2022-08-19 11:32:08,168 - [WARNING] - converter.server - (server.py).chekingCreationTxt(80) - Появился новый файл! Удаление старого дерева и создание нового дерева данных
2022-08-19 11:32:24,008 - [WARNING] - converter.server - (server.py).chekingCreationTxt(80) - Появился новый файл! Удаление старого дерева и создание нового дерева данных
2022-08-19 11:32:40,153 - [WARNING] - converter.server - (server.py).chekingCreationTxt(80) - Появился новый файл! Удаление старого дерева и создание нового дерева данных
2022-08-19 11:32:53,951 - [WARNING] - converter.server - (server.py).chekingCreationTxt(80) - Появился новый файл! Удаление старого дерева и создание нового дерева данных
2022-08-19 11:33:12,325 - [WARNING] - converter.server - (server.py).chekingCreationTxt(80) - Появился новый файл! Удаление старого дерева и создание нового дерева данных
2022-08-19 11:33:27,231 - [WARNING] - converter.server - (server.py).chekingCreationTxt(80) - Появился новый файл! Удаление старого дерева и создание нового дерева данных
2022-08-19 11:33:42,859 - [WARNING] - converter.server - (server.py).chekingCreationTxt(80) - Появился новый файл! Удаление старого дерева и создание нового дерева данных
2022-08-19 11:33:53,452 - [WARNING] - converter.server - (server.py).chekingCreationTxt(80) - Появился новый файл! Удаление старого дерева и создание нового дерева данных
2022-08-19 11:34:09,907 - [WARNING] - converter.server - (server.py).chekingCreationTxt(80) - Появился новый файл! Удаление старого дерева и создание нового дерева данных
2022-08-19 11:34:26,829 - [WARNING] - converter.server - (server.py).chekingCreationTxt(80) - Появился новый файл! Удаление старого дерева и создание нового дерева данных
2022-08-19 11:34:42,802 - [WARNING] - converter.server - (server.py).chekingCreationTxt(80) - Появился новый файл! Удаление старого дерева и создание нового дерева данных
2022-08-19 11:34:53,424 - [WARNING] - converter.server - (server.py).chekingCreationTxt(80) - Появился новый файл! Удаление старого дерева и создание нового дерева данных
2022-08-19 11:35:09,932 - [WARNING] - converter.server - (server.py).chekingCreationTxt(80) - Появился новый файл! Удаление старого дерева и создание нового дерева данных
2022-08-19 11:35:26,852 - [WARNING] - converter.server - (server.py).chekingCreationTxt(80) - Появился новый файл! Удаление старого дерева и создание нового дерева данных
2022-08-19 11:35:42,968 - [WARNING] - converter.server - (server.py).chekingCreationTxt(80) - Появился новый файл! Удаление старого дерева и создание нового дерева данных
2022-08-19 11:35:53,687 - [WARNING] - converter.server - (server.py).chekingCreationTxt(80) - Появился новый файл! Удаление старого дерева и создание нового дерева данных
2022-08-19 11:36:10,241 - [WARNING] - converter.server - (server.py).chekingCreationTxt(80) - Появился новый файл! Удаление старого дерева и создание нового дерева данных
2022-08-19 11:36:26,968 - [WARNING] - converter.server - (server.py).chekingCreationTxt(80) - Появился новый файл! Удаление старого дерева и создание нового дерева данных
2022-08-19 11:36:42,671 - [WARNING] - converter.server - (server.py).chekingCreationTxt(80) - Появился новый файл! Удаление старого дерева и создание нового дерева данных
2022-08-19 11:36:53,370 - [WARNING] - converter.server - (server.py).chekingCreationTxt(80) - Появился новый файл! Удаление старого дерева и создание нового дерева данных
2022-08-19 11:37:09,976 - [WARNING] - converter.server - (server.py).chekingCreationTxt(80) - Появился новый файл! Удаление старого дерева и создание нового дерева данных
2022-08-19 11:37:26,460 - [WARNING] - converter.server - (server.py).chekingCreationTxt(80) - Появился новый файл! Удаление старого дерева и создание нового дерева данных
2022-08-19 11:37:42,359 - [WARNING] - converter.server - (server.py).chekingCreationTxt(80) - Появился новый файл! Удаление старого дерева и создание нового дерева данных
2022-08-19 11:37:58,050 - [WARNING] - converter.server - (server.py).chekingCreationTxt(80) - Появился новый файл! Удаление старого дерева и создание нового дерева данных
2022-08-19 11:38:09,698 - [WARNING] - converter.server - (server.py).chekingCreationTxt(80) - Появился новый файл! Удаление старого дерева и создание нового дерева данных
2022-08-19 11:38:26,343 - [WARNING] - converter.server - (server.py).chekingCreationTxt(80) - Появился новый файл! Удаление старого дерева и создание нового дерева данных
2022-08-19 11:38:42,226 - [WARNING] - converter.server - (server.py).chekingCreationTxt(80) - Появился новый файл! Удаление старого дерева и создание нового дерева данных
2022-08-19 11:38:57,877 - [WARNING] - converter.server - (server.py).chekingCreationTxt(80) - Появился новый файл! Удаление старого дерева и создание нового дерева данных
2022-08-19 11:39:09,410 - [WARNING] - converter.server - (server.py).chekingCreationTxt(80) - Появился новый файл! Удаление старого дерева и создание нового дерева данных
2022-08-19 11:39:27,242 - [WARNING] - converter.server - (server.py).chekingCreationTxt(80) - Появился новый файл! Удаление старого дерева и создание нового дерева данных
2022-08-19 11:39:38,463 - [WARNING] - converter.server - (server.py).chekingCreationTxt(80) - Появился новый файл! Удаление старого дерева и создание нового дерева данных
2022-08-19 11:39:57,097 - [WARNING] - converter.server - (server.py).chekingCreationTxt(80) - Появился новый файл! Удаление старого дерева и создание нового дерева данных
2022-08-19 11:40:08,550 - [WARNING] - converter.server - (server.py).chekingCreationTxt(80) - Появился новый файл! Удаление старого дерева и создание нового дерева данных
2022-08-19 11:40:27,729 - [WARNING] - converter.server - (server.py).chekingCreationTxt(80) - Появился новый файл! Удаление старого дерева и создание нового дерева данных
2022-08-19 11:40:38,997 - [WARNING] - converter.server - (server.py).chekingCreationTxt(80) - Появился новый файл! Удаление старого дерева и создание нового дерева данных
2022-08-19 11:40:57,670 - [WARNING] - converter.server - (server.py).chekingCreationTxt(80) - Появился новый файл! Удаление старого дерева и создание нового дерева данных
2022-08-19 11:41:08,819 - [WARNING] - converter.server - (server.py).chekingCreationTxt(80) - Появился новый файл! Удаление старого дерева и создание нового дерева данных
2022-08-19 11:41:26,717 - [WARNING] - converter.server - (server.py).chekingCreationTxt(80) - Появился новый файл! Удаление старого дерева и создание нового дерева данных
2022-08-19 11:41:42,841 - [WARNING] - converter.server - (server.py).chekingCreationTxt(80) - Появился новый файл! Удаление старого дерева и создание нового дерева данных
2022-08-19 11:41:55,722 - [WARNING] - converter.server - (server.py).chekingCreationTxt(80) - Появился новый файл! Удаление старого дерева и создание нового дерева данных
2022-08-19 11:42:09,068 - [WARNING] - converter.server - (server.py).chekingCreationTxt(80) - Появился новый файл! Удаление старого дерева и создание нового дерева данных
2022-08-19 11:42:26,187 - [WARNING] - converter.server - (server.py).chekingCreationTxt(80) - Появился новый файл! Удаление старого дерева и создание нового дерева данных
2022-08-19 11:42:42,479 - [WARNING] - converter.server - (server.py).chekingCreationTxt(80) - Появился новый файл! Удаление старого дерева и создание нового дерева данных
2022-08-19 11:42:56,281 - [WARNING] - converter.server - (server.py).chekingCreationTxt(80) - Появился новый файл! Удаление старого дерева и создание нового дерева данных
2022-08-19 11:43:09,144 - [WARNING] - converter.server - (server.py).chekingCreationTxt(80) - Появился новый файл! Удаление старого дерева и создание нового дерева данных
2022-08-19 11:43:24,651 - [WARNING] - converter.server - (server.py).chekingCreationTxt(80) - Появился новый файл! Удаление старого дерева и создание нового дерева данных
2022-08-19 11:43:41,048 - [WARNING] - converter.server - (server.py).chekingCreationTxt(80) - Появился новый файл! Удаление старого дерева и создание нового дерева данных
2022-08-19 11:43:56,994 - [WARNING] - converter.server - (server.py).chekingCreationTxt(80) - Появился новый файл! Удаление старого дерева и создание нового дерева данных
2022-08-19 11:44:12,153 - [WARNING] - converter.server - (server.py).chekingCreationTxt(80) - Появился новый файл! Удаление старого дерева и создание нового дерева данных
2022-08-19 12:00:04,567 - [WARNING] - converter.server - (server.py).chekingCreationTxt(91) - Опа, час прошели, пошел на глобальный перезапуск!
2022-08-19 12:00:04,570 - [WARNING] - converter.server - (server.py).restart(70) - Остановка сервера
2022-08-19 12:01:04,574 - [WARNING] - converter.server - (server.py).restart(73) - Запуск сервера
2022-08-19 13:00:00,818 - [WARNING] - converter.server - (server.py).chekingCreationTxt(91) - Опа, час прошели, пошел на глобальный перезапуск!
2022-08-19 13:00:00,819 - [WARNING] - converter.server - (server.py).restart(70) - Остановка сервера
2022-08-19 13:01:00,832 - [WARNING] - converter.server - (server.py).restart(73) - Запуск сервера
2022-08-19 13:13:52,012 - [WARNING] - converter.server - (server.py).start(108) - Закрытие программы
2022-08-19 13:13:53,580 - [WARNING] - converter.server - (server.py).start(108) - Закрытие программы
2022-08-23 16:08:50,198 - [WARNING] - converter.server - (server.py).chekingCreationTxt(81) - Появился новый файл! Удаление старого дерева и создание нового дерева данных
2022-08-24 08:35:14,910 - [WARNING] - converter.server - (server.py).chekingCreationTxt(81) - Появился новый файл! Удаление старого дерева и создание нового дерева данных
2022-08-24 09:58:57,707 - [WARNING] - converter.server - (server.py).chekingCreationTxt(81) - Появился новый файл! Удаление старого дерева и создание нового дерева данных
2022-08-24 10:01:30,403 - [WARNING] - converter.server - (server.py).start(107) - Закрытие программы
2022-08-31 07:59:29,993 - [WARNING] - converter.server - (server.py).chekingCreationTxt(81) - Появился новый файл! Удаление старого дерева и создание нового дерева данных
